Determining if the pthread_create exist failed with the following output:
Change Dir: /home/jongsik/Robotics_Software_Engineer/Home_Service_Robot/src/add_markers/cmake-build-debug/CMakeFiles/CMakeTmp

Run Build Command(s):/usr/bin/make cmTC_979d8/fast 
/usr/bin/make -f CMakeFiles/cmTC_979d8.dir/build.make CMakeFiles/cmTC_979d8.dir/build
make[1]: Entering directory '/home/jongsik/Robotics_Software_Engineer/Home_Service_Robot/src/add_markers/cmake-build-debug/CMakeFiles/CMakeTmp'
Building C object CMakeFiles/cmTC_979d8.dir/CheckSymbolExists.c.o
/usr/bin/cc    -o CMakeFiles/cmTC_979d8.dir/CheckSymbolExists.c.o   -c /home/jongsik/Robotics_Software_Engineer/Home_Service_Robot/src/add_markers/cmake-build-debug/CMakeFiles/CMakeTmp/CheckSymbolExists.c
Linking C executable cmTC_979d8
/opt/clion-2019.2.1/bin/cmake/linux/bin/cmake -E cmake_link_script CMakeFiles/cmTC_979d8.dir/link.txt --verbose=1
/usr/bin/cc      -rdynamic CMakeFiles/cmTC_979d8.dir/CheckSymbolExists.c.o  -o cmTC_979d8 
CMakeFiles/cmTC_979d8.dir/CheckSymbolExists.c.o: In function `main':
CheckSymbolExists.c:(.text+0x16): undefined reference to `pthread_create'
collect2: error: ld returned 1 exit status
CMakeFiles/cmTC_979d8.dir/build.make:86: recipe for target 'cmTC_979d8' failed
make[1]: *** [cmTC_979d8] Error 1
make[1]: Leaving directory '/home/jongsik/Robotics_Software_Engineer/Home_Service_Robot/src/add_markers/cmake-build-debug/CMakeFiles/CMakeTmp'
Makefile:121: recipe for target 'cmTC_979d8/fast' failed
make: *** [cmTC_979d8/fast] Error 2

File /home/jongsik/Robotics_Software_Engineer/Home_Service_Robot/src/add_markers/cmake-build-debug/CMakeFiles/CMakeTmp/CheckSymbolExists.c:
/* */
#include <pthread.h>

int main(int argc, char** argv)
{
  (void)argv;
#ifndef pthread_create
  return ((int*)(&pthread_create))[argc];
#else
  (void)argc;
  return 0;
#endif
}

Determining if the function pthread_create exists in the pthreads failed with the following output:
Change Dir: /home/jongsik/Robotics_Software_Engineer/Home_Service_Robot/src/add_markers/cmake-build-debug/CMakeFiles/CMakeTmp

Run Build Command(s):/usr/bin/make cmTC_11092/fast 
/usr/bin/make -f CMakeFiles/cmTC_11092.dir/build.make CMakeFiles/cmTC_11092.dir/build
make[1]: Entering directory '/home/jongsik/Robotics_Software_Engineer/Home_Service_Robot/src/add_markers/cmake-build-debug/CMakeFiles/CMakeTmp'
Building C object CMakeFiles/cmTC_11092.dir/CheckFunctionExists.c.o
/usr/bin/cc   -DCHECK_FUNCTION_EXISTS=pthread_create   -o CMakeFiles/cmTC_11092.dir/CheckFunctionExists.c.o   -c /opt/clion-2019.2.1/bin/cmake/linux/share/cmake-3.14/Modules/CheckFunctionExists.c
Linking C executable cmTC_11092
/opt/clion-2019.2.1/bin/cmake/linux/bin/cmake -E cmake_link_script CMakeFiles/cmTC_11092.dir/link.txt --verbose=1
/usr/bin/cc  -DCHECK_FUNCTION_EXISTS=pthread_create    -rdynamic CMakeFiles/cmTC_11092.dir/CheckFunctionExists.c.o  -o cmTC_11092 -lpthreads 
/usr/bin/ld: cannot find -lpthreads
collect2: error: ld returned 1 exit status
CMakeFiles/cmTC_11092.dir/build.make:86: recipe for target 'cmTC_11092' failed
make[1]: *** [cmTC_11092] Error 1
make[1]: Leaving directory '/home/jongsik/Robotics_Software_Engineer/Home_Service_Robot/src/add_markers/cmake-build-debug/CMakeFiles/CMakeTmp'
Makefile:121: recipe for target 'cmTC_11092/fast' failed
make: *** [cmTC_11092/fast] Error 2


